Task-1-Covid-Tracker-LGM/app/build/intermediates/manifest_merge_blame_file/debug/manifest-merger-blame-debug-report.txt
1<?xml version="1.0" encoding="utf-8"?>
2<manifest xmlns:android="http://schemas.android.com/apk/res/android"
3    package="com.example.covidtracker"
4    android:versionCode="1"
5    android:versionName="1.0" >
6
7    <uses-sdk
8        android:minSdkVersion="16"
8-->src\main\AndroidManifest.xml
9        android:targetSdkVersion="30" />
9-->src\main\AndroidManifest.xml
10
11    <uses-permission android:name="android.permission.INTERNET" />
11-->src\main\AndroidManifest.xml:5:5-67
11-->src\main\AndroidManifest.xml:5:22-64
12
13    <application
13-->src\main\AndroidManifest.xml:7:5-30:19
14        android:allowBackup="true"
14-->src\main\AndroidManifest.xml:8:9-35
15        android:appComponentFactory="androidx.core.app.CoreComponentFactory"
15-->[androidx.core:core:1.5.0] AndroidManifest.xml:24:18-86
16        android:debuggable="true"
17        android:icon="@drawable/covid"
17-->src\main\AndroidManifest.xml:9:9-39
18        android:label="@string/app_name"
18-->src\main\AndroidManifest.xml:10:9-41
19        android:roundIcon="@drawable/covid"
19-->src\main\AndroidManifest.xml:11:9-44
20        android:supportsRtl="true"
20-->src\main\AndroidManifest.xml:12:9-35
21        android:testOnly="true"
22        android:theme="@style/Theme.CovidTracker" >
22-->src\main\AndroidManifest.xml:13:9-50
23        <activity android:name="com.example.covidtracker.SplashScreen" >
23-->src\main\AndroidManifest.xml:14:9-20:20
23-->src\main\AndroidManifest.xml:14:19-47
24            <intent-filter>
24-->src\main\AndroidManifest.xml:15:13-19:29
25                <action android:name="android.intent.action.MAIN" />
25-->src\main\AndroidManifest.xml:16:17-69
25-->src\main\AndroidManifest.xml:16:25-66
26
27                <category android:name="android.intent.category.LAUNCHER" />
27-->src\main\AndroidManifest.xml:18:17-77
27-->src\main\AndroidManifest.xml:18:27-74
28            </intent-filter>
29        </activity>
30        <activity android:name="com.example.covidtracker.DetailActivity" />
30-->src\main\AndroidManifest.xml:21:9-52
30-->src\main\AndroidManifest.xml:21:19-49
31        <activity android:name="com.example.covidtracker.InfectedCountry" />
31-->src\main\AndroidManifest.xml:22:9-53
31-->src\main\AndroidManifest.xml:22:19-50
32        <activity android:name="com.example.covidtracker.MainActivity" >
32-->src\main\AndroidManifest.xml:23:9-25:20
32-->src\main\AndroidManifest.xml:23:19-47
33        </activity>
34
35        <meta-data
35-->src\main\AndroidManifest.xml:27:9-29:57
36            android:name="preloaded_fonts"
36-->src\main\AndroidManifest.xml:28:13-43
37            android:resource="@array/preloaded_fonts" />
37-->src\main\AndroidManifest.xml:29:13-54
38    </application>
39
40</manifest>